Build started 3/29/2017 10:40:07 AM.
     1>Project "C:\Users\gb304275\Desktop\CPlusPlus\LostFortune\TheAmazingAdventuresofBrosiusClass\TheAmazingAdventuresofBrosiusClass.vcxproj" on node 2 (Build target(s)).
     1>ClCompile:
         C:\Program Files (x86)\Microsoft Visual Studio 12.0\VC\bin\CL.exe /c /ZI /nologo /W3 /WX- /sdl /Od /Oy- /D WIN32 /D _DEBUG /D _CONSOLE /D _LIB /D _UNICODE /D UNICODE /Gm /EHsc /RTC1 /MDd /GS /fp:precise /Zc:wchar_t /Zc:forScope /Fo"Debug\\" /Fd"Debug\vc120.pdb" /Gd /TP /analyze- /errorReport:prompt Source.cpp
         Source.cpp
     1>c:\users\gb304275\desktop\cplusplus\lostfortune\theamazingadventuresofbrosiusclass\source.cpp(37): error C4700: uninitialized local variable 'bodypart2' used
     1>Done Building Project "C:\Users\gb304275\Desktop\CPlusPlus\LostFortune\TheAmazingAdventuresofBrosiusClass\TheAmazingAdventuresofBrosiusClass.vcxproj" (Build target(s)) -- FAILED.

Build FAILED.

Time Elapsed 00:00:00.98
