Build started 3/30/2017 11:18:11 AM.
     1>Project "c:\Users\gb304275\documents\visual studio 2013\Projects\DelgadosTacos\DelgadosTacos\DelgadosTacos.vcxproj" on node 2 (Build target(s)).
     1>ClCompile:
         C:\Program Files (x86)\Microsoft Visual Studio 12.0\VC\bin\CL.exe /c /ZI /nologo /W3 /WX- /sdl /Od /Oy- /D WIN32 /D _DEBUG /D _CONSOLE /D _LIB /D _UNICODE /D UNICODE /Gm /EHsc /RTC1 /MDd /GS /fp:precise /Zc:wchar_t /Zc:forScope /Fo"Debug\\" /Fd"Debug\vc120.pdb" /Gd /TP /analyze- /errorReport:prompt Source.cpp
         Source.cpp
     1>c:\users\gb304275\documents\visual studio 2013\projects\delgadostacos\delgadostacos\source.cpp(9): error C3861: 'write': identifier not found
     1>c:\users\gb304275\documents\visual studio 2013\projects\delgadostacos\delgadostacos\source.cpp(10): error C3861: 'sleep': identifier not found
     1>c:\users\gb304275\documents\visual studio 2013\projects\delgadostacos\delgadostacos\source.cpp(14): error C3861: 'write': identifier not found
     1>c:\users\gb304275\documents\visual studio 2013\projects\delgadostacos\delgadostacos\source.cpp(15): error C3861: 'write': identifier not found
     1>c:\users\gb304275\documents\visual studio 2013\projects\delgadostacos\delgadostacos\source.cpp(16): error C3861: 'write': identifier not found
     1>Done Building Project "c:\Users\gb304275\documents\visual studio 2013\Projects\DelgadosTacos\DelgadosTacos\DelgadosTacos.vcxproj" (Build target(s)) -- FAILED.

Build FAILED.

Time Elapsed 00:00:00.27
